[debug] [2025-10-25T00:44:43.948Z] ----------------------------------------------------------------------
[debug] [2025-10-25T00:44:43.970Z] Command:       C:\Program Files\nodejs\node.exe C:\Users\DESKTOP\AppData\Roaming\npm\node_modules\firebase-tools\lib\bin\firebase.js deploy
[debug] [2025-10-25T00:44:43.971Z] CLI Version:   14.20.0
[debug] [2025-10-25T00:44:43.971Z] Platform:      win32
[debug] [2025-10-25T00:44:43.972Z] Node Version:  v20.19.4
[debug] [2025-10-25T00:44:43.973Z] Time:          Fri Oct 24 2025 21:44:43 GMT-0300 (Horário Padrão de Brasília)
[debug] [2025-10-25T00:44:43.973Z] ----------------------------------------------------------------------
[debug] 
[debug] [2025-10-25T00:44:44.745Z] Checked if tokens are valid: false, expires at: 1761313853986
[debug] [2025-10-25T00:44:44.757Z] Checked if tokens are valid: false, expires at: 1761313853986
[debug] [2025-10-25T00:44:44.760Z] > refreshing access token with scopes: []
[debug] [2025-10-25T00:44:44.766Z] >>> [apiv2][query] POST https://www.googleapis.com/oauth2/v3/token [none]
[debug] [2025-10-25T00:44:44.766Z] >>> [apiv2][body] POST https://www.googleapis.com/oauth2/v3/token [omitted]
[debug] [2025-10-25T00:44:46.354Z] <<< [apiv2][status] POST https://www.googleapis.com/oauth2/v3/token 200
[debug] [2025-10-25T00:44:46.355Z] <<< [apiv2][body] POST https://www.googleapis.com/oauth2/v3/token [omitted]
[debug] [2025-10-25T00:44:46.381Z] >>> [apiv2][query] POST https://iam.googleapis.com/v1/projects/undefined/serviceAccounts/undefined@appspot.gserviceaccount.com:testIamPermissions [none]
[debug] [2025-10-25T00:44:46.381Z] >>> [apiv2][body] POST https://iam.googleapis.com/v1/projects/undefined/serviceAccounts/undefined@appspot.gserviceaccount.com:testIamPermissions {"permissions":["iam.serviceAccounts.actAs"]}
[debug] [2025-10-25T00:44:48.459Z] <<< [apiv2][status] POST https://iam.googleapis.com/v1/projects/undefined/serviceAccounts/undefined@appspot.gserviceaccount.com:testIamPermissions 404
[debug] [2025-10-25T00:44:48.459Z] <<< [apiv2][body] POST https://iam.googleapis.com/v1/projects/undefined/serviceAccounts/undefined@appspot.gserviceaccount.com:testIamPermissions {"error":{"code":404,"message":"Unknown service account","status":"NOT_FOUND"}}
[debug] [2025-10-25T00:44:48.459Z] [functions] service account IAM check errored, deploy may fail: Request to https://iam.googleapis.com/v1/projects/undefined/serviceAccounts/undefined@appspot.gserviceaccount.com:testIamPermissions had HTTP Error: 404, Unknown service account {"name":"FirebaseError","children":[],"context":{"body":{"error":{"code":404,"message":"Unknown service account","status":"NOT_FOUND"}},"response":{"statusCode":404}},"exit":1,"message":"Request to https://iam.googleapis.com/v1/projects/undefined/serviceAccounts/undefined@appspot.gserviceaccount.com:testIamPermissions had HTTP Error: 404, Unknown service account","status":404}
[error] 
[error] Error: No currently active project.
To run this command, you need to specify a project. You have two options:
- Run this command with --project <alias_or_project_id>.
- Set an active project by running firebase use --add, then rerun this command.
To list all the Firebase projects to which you have access, run firebase projects:list.
To learn about active projects for the CLI, visit https://firebase.google.com/docs/cli#project_aliases


